TN:
SF:/Users/mansurali/Desktop/codechallange/node_modules/angular2-template-loader/index.js!/Users/mansurali/Desktop/codechallange/node_modules/tslint-loader/index.js!/Users/mansurali/Desktop/codechallange/src/test.ts
FN:15,(anonymous_1)
FN:23,(anonymous_2)
FN:30,(anonymous_3)
FN:32,(anonymous_4)
FNF:4
FNH:4
FNDA:1,(anonymous_1)
FNDA:1,(anonymous_2)
FNDA:1,(anonymous_3)
FNDA:1,(anonymous_4)
DA:1,1
DA:3,1
DA:4,1
DA:5,1
DA:6,1
DA:7,1
DA:8,1
DA:15,1
DA:18,1
DA:24,1
DA:30,1
DA:32,1
LF:12
LH:12
BRF:0
BRH:0
end_of_record
TN:
SF:/Users/mansurali/Desktop/codechallange/node_modules/angular2-template-loader/index.js!/Users/mansurali/Desktop/codechallange/node_modules/tslint-loader/index.js!/Users/mansurali/Desktop/codechallange/src/polyfills.ts
FNF:0
FNH:0
DA:3,1
DA:4,1
DA:5,1
DA:6,1
DA:7,1
DA:8,1
DA:9,1
DA:10,1
DA:11,1
DA:12,1
DA:13,1
DA:14,1
DA:15,1
DA:16,1
DA:18,1
DA:19,1
LF:16
LH:16
BRF:0
BRH:0
end_of_record
TN:
SF:/Users/mansurali/Desktop/codechallange/node_modules/angular2-template-loader/index.js!/Users/mansurali/Desktop/codechallange/node_modules/tslint-loader/index.js!/Users/mansurali/Desktop/codechallange/src/app/app.component.ts
FN:9,(anonymous_3)
FN:11,AppComponent
FN:21,(anonymous_5)
FN:23,(anonymous_6)
FN:28,(anonymous_7)
FN:39,(anonymous_8)
FNF:6
FNH:4
FNDA:1,(anonymous_3)
FNDA:6,AppComponent
FNDA:4,(anonymous_5)
FNDA:0,(anonymous_6)
FNDA:3,(anonymous_7)
FNDA:0,(anonymous_8)
DA:1,1
DA:2,1
DA:4,1
DA:9,1
DA:10,6
DA:11,6
DA:15,6
DA:18,6
DA:19,6
DA:21,5
DA:23,4
DA:24,0
DA:28,1
DA:29,3
DA:30,3
DA:31,4
DA:32,2
DA:33,2
DA:36,3
DA:39,1
DA:40,0
DA:41,0
DA:44,0
DA:45,0
DA:46,0
DA:47,0
DA:52,1
LF:27
LH:20
BRDA:31,1,0,2
BRDA:31,1,1,2
BRDA:40,2,0,0
BRDA:40,2,1,0
BRDA:45,3,0,0
BRDA:45,3,1,0
BRF:6
BRH:2
end_of_record
TN:
SF:/Users/mansurali/Desktop/codechallange/node_modules/angular2-template-loader/index.js!/Users/mansurali/Desktop/codechallange/node_modules/tslint-loader/index.js!/Users/mansurali/Desktop/codechallange/src/app/app.service.ts
FN:6,(anonymous_3)
FN:8,makeAndModelsService
FN:10,(anonymous_5)
FN:11,(anonymous_6)
FN:14,(anonymous_7)
FNF:5
FNH:3
FNDA:1,(anonymous_3)
FNDA:4,makeAndModelsService
FNDA:4,(anonymous_5)
FNDA:0,(anonymous_6)
FNDA:0,(anonymous_7)
DA:1,1
DA:2,1
DA:3,1
DA:5,1
DA:6,1
DA:7,4
DA:8,4
DA:10,1
DA:11,4
DA:14,1
DA:15,0
DA:16,0
DA:18,1
LF:13
LH:11
BRDA:16,1,0,0
BRDA:16,1,1,0
BRF:2
BRH:0
end_of_record
